*********Stage Input**********
xyz read from file:./XYZ/004.xyz
Number of atoms: 30
Number of electrons: 100
MINDO/3 calculation starts...
*********Stage Input**********
Distance cutoff: 5.500
SCF threshold: 1.000e-07
Maximum number of SCF iterations: 6
Subintervals will be updated after the first iteration
*******Stage Initialize*******
********Stage Enuclear********
Enuc           =    247444.5428110029 kcal/mol =     10730.0005555268 ev =       394.3279628611 Hartree
*******Stage Ereference*******
Eref           =     78218.5988000001 kcal/mol =      3391.8129656129 ev =       124.6492663458 Hartree
********Stage Basisset********
Number of basis functions: 60
Number of valance electrons: 80
*********Stage getNnz*********
Maximum nonzeros per row: 15
Maximum bandwidth       : 44
Average nonzeros per row: 5.53333333333
Total number of nonzeros: 332
Nonzero density percent : 18.1420765027
******Stage getGammaAIJ*******
Nonzero density percent : 36.393442623
Enuc2          =    882730.8998648582 kcal/mol =     38278.0842055790 ev =      1406.7211729302 Hartree
***********Stage F0***********
***********Stage D0***********
*********Stage Ddiag**********
**************SELF-CONSISTENT-FIELD ITERATIONS**************
************************Iteration 1*************************
***********Stage FD***********
*********Stage Trace**********
Eel            =   -176603.7934116042 kcal/mol =     -7658.1151472878 ev =      -281.4360474409 Hartree
*********Stage Solve**********
Range of required eigenvalues: -27.362 , -11.098
0.0956361293793 seconds
60 eigenvalues converged
********Stage Density*********
0.686033964157 seconds
************************Iteration 2*************************
***********Stage FD***********
*********Stage Trace**********
Eel            =   -186386.7684991316 kcal/mol =     -8082.3367806744 ev =      -297.0262099604 Hartree
*********Stage Solve**********
New interval boundaries: -35.494 , -2.966
Range of required eigenvalues: -32.368 , -8.996
0.109127998352 seconds
40 eigenvalues converged
********Stage Density*********
0.682531118393 seconds
************************Iteration 3*************************
***********Stage FD***********
*********Stage Trace**********
Eel            =   -186579.4395236470 kcal/mol =     -8090.6916232447 ev =      -297.3332507693 Hartree
*********Stage Solve**********
New interval boundaries: -44.053 , 2.689
Range of required eigenvalues: -31.731 , -11.293
0.113022089005 seconds
48 eigenvalues converged
********Stage Density*********
0.672195911407 seconds
************************Iteration 4*************************
***********Stage FD***********
*********Stage Trace**********
Eel            =   -186594.4266078951 kcal/mol =     -8091.3415119854 ev =      -297.3571342074 Hartree
*********Stage Solve**********
New interval boundaries: -41.950 , -1.075
Range of required eigenvalues: -31.764 , -11.803
0.109750986099 seconds
40 eigenvalues converged
********Stage Density*********
0.668267011642 seconds
************************Iteration 5*************************
***********Stage FD***********
*********Stage Trace**********
Eel            =   -186596.7413373353 kcal/mol =     -8091.4418861860 ev =      -297.3608229634 Hartree
*********Stage Solve**********
New interval boundaries: -41.744 , -1.823
Range of required eigenvalues: -31.726 , -11.871
0.106529951096 seconds
40 eigenvalues converged
********Stage Density*********
0.671766996384 seconds
Enuc           =    882730.8998648582 kcal/mol =     38278.0842055790 ev =      1406.7211729302 Hartree
Eref           =     78218.5988000001 kcal/mol =      3391.8129656129 ev =       124.6492663458 Hartree
Eel            =   -186596.7413373353 kcal/mol =     -8091.4418861860 ev =      -297.3608229634 Hartree
Eel+Enuke      =    696134.1585275229 kcal/mol =     30186.6423193930 ev =      1109.3603499668 Hartree
Eel+Enuke+Eref =    774352.7573275230 kcal/mol =     33578.4552850060 ev =      1234.0096163126 Hartree
MINDO/3 calculation finishes.
************************************************************************************************************************
***             WIDEN YOUR WINDOW TO 120 CHARACTERS.  Use 'enscript -r -fCourier9' to print this document            ***
************************************************************************************************************************

---------------------------------------------- PETSc Performance Summary: ----------------------------------------------

pscf.py on a dev_debug named Keceli-RMBP.local with 1 processor, by kecelim Thu Nov 12 15:49:31 2015
Using Petsc Development GIT revision: v3.6.1-287-g0932d2e  GIT Date: 2015-07-31 14:39:10 -0500

                         Max       Max/Min        Avg      Total 
Time (sec):           4.707e+00      1.00000   4.707e+00
Objects:              7.290e+02      1.00000   7.290e+02
Flops:                7.302e+06      1.00000   7.302e+06  7.302e+06
Flops/sec:            1.551e+06      1.00000   1.551e+06  1.551e+06
Memory:               1.544e+06      1.00000              1.544e+06
MPI Messages:         0.000e+00      0.00000   0.000e+00  0.000e+00
MPI Message Lengths:  0.000e+00      0.00000   0.000e+00  0.000e+00
MPI Reductions:       0.000e+00      0.00000

Flop counting convention: 1 flop = 1 real number operation of type (multiply/divide/add/subtract)
                            e.g., VecAXPY() for real vectors of length N --> 2N flops
                            and VecAXPY() for complex vectors of length N --> 8N flops

Summary of Stages:   ----- Time ------  ----- Flops -----  --- Messages ---  -- Message Lengths --  -- Reductions --
                        Avg     %Total     Avg     %Total   counts   %Total     Avg         %Total   counts   %Total 
 0:      Main Stage: 5.4045e-02   1.1%  0.0000e+00   0.0%  0.000e+00   0.0%  0.000e+00        0.0%  0.000e+00   0.0% 
 1:           Input: 1.6270e-03   0.0%  0.0000e+00   0.0%  0.000e+00   0.0%  0.000e+00        0.0%  0.000e+00   0.0% 
 2:      Initialize: 3.1159e-03   0.1%  0.0000e+00   0.0%  0.000e+00   0.0%  0.000e+00        0.0%  0.000e+00   0.0% 
 3:        Enuclear: 4.0960e-03   0.1%  0.0000e+00   0.0%  0.000e+00   0.0%  0.000e+00        0.0%  0.000e+00   0.0% 
 4:      Ereference: 3.1948e-05   0.0%  0.0000e+00   0.0%  0.000e+00   0.0%  0.000e+00        0.0%  0.000e+00   0.0% 
 5:        Basisset: 5.5075e-05   0.0%  0.0000e+00   0.0%  0.000e+00   0.0%  0.000e+00        0.0%  0.000e+00   0.0% 
 6:          getNnz: 6.8209e-03   0.1%  0.0000e+00   0.0%  0.000e+00   0.0%  0.000e+00        0.0%  0.000e+00   0.0% 
 7:     getGammaAIJ: 8.8589e-03   0.2%  0.0000e+00   0.0%  0.000e+00   0.0%  0.000e+00        0.0%  0.000e+00   0.0% 
 8:              F0: 1.2726e-01   2.7%  0.0000e+00   0.0%  0.000e+00   0.0%  0.000e+00        0.0%  0.000e+00   0.0% 
 9:              D0: 3.3764e-02   0.7%  0.0000e+00   0.0%  0.000e+00   0.0%  0.000e+00        0.0%  0.000e+00   0.0% 
10:           Ddiag: 4.5490e-04   0.0%  0.0000e+00   0.0%  0.000e+00   0.0%  0.000e+00        0.0%  0.000e+00   0.0% 
11:              FD: 5.1256e-01  10.9%  0.0000e+00   0.0%  0.000e+00   0.0%  0.000e+00        0.0%  0.000e+00   0.0% 
12:           Trace: 2.2674e-02   0.5%  0.0000e+00   0.0%  0.000e+00   0.0%  0.000e+00        0.0%  0.000e+00   0.0% 
13:           Solve: 5.3406e-01  11.3%  6.7578e+06  92.5%  0.000e+00   0.0%  0.000e+00        0.0%  0.000e+00   0.0% 
14:         Density: 3.3977e+00  72.2%  5.4460e+05   7.5%  0.000e+00   0.0%  0.000e+00        0.0%  0.000e+00   0.0% 

------------------------------------------------------------------------------------------------------------------------
See the 'Profiling' chapter of the users' manual for details on interpreting output.
Phase summary info:
   Count: number of times phase was executed
   Time and Flops: Max - maximum over all processors
                   Ratio - ratio of maximum to minimum over all processors
   Mess: number of messages sent
   Avg. len: average message length (bytes)
   Reduct: number of global reductions
   Global: entire computation
   Stage: stages of a computation. Set stages with PetscLogStagePush() and PetscLogStagePop().
      %T - percent time in this phase         %F - percent flops in this phase
      %M - percent messages in this phase     %L - percent message lengths in this phase
      %R - percent reductions in this phase
   Total Mflop/s: 10e-6 * (sum of flops over all processors)/(max time over all processors)
------------------------------------------------------------------------------------------------------------------------


      ##########################################################
      #                                                        #
      #                          WARNING!!!                    #
      #                                                        #
      #   This code was compiled with a debugging option,      #
      #   To get timing results run ./configure                #
      #   using --with-debugging=no, the performance will      #
      #   be generally two or three times faster.              #
      #                                                        #
      ##########################################################


Event                Count      Time (sec)     Flops                             --- Global ---  --- Stage ---   Total
                   Max Ratio  Max     Ratio   Max  Ratio  Mess   Avg len Reduct  %T %F %M %L %R  %T %F %M %L %R Mflop/s
------------------------------------------------------------------------------------------------------------------------

--- Event Stage 0: Main Stage


--- Event Stage 1: Input


--- Event Stage 2: Initialize


--- Event Stage 3: Enuclear


--- Event Stage 4: Ereference


--- Event Stage 5: Basisset


--- Event Stage 6: getNnz


--- Event Stage 7: getGammaAIJ

VecSet                 1 1.0 1.2159e-05 1.0 0.00e+00 0.0 0.0e+00 0.0e+00 0.0e+00  0  0  0  0  0   0  0  0  0  0     0
MatAssemblyBegin       1 1.0 3.4809e-05 1.0 0.00e+00 0.0 0.0e+00 0.0e+00 0.0e+00  0  0  0  0  0   0  0  0  0  0     0
MatAssemblyEnd         1 1.0 4.0102e-04 1.0 0.00e+00 0.0 0.0e+00 0.0e+00 0.0e+00  0  0  0  0  0   5  0  0  0  0     0

--- Event Stage 8: F0

VecSet                 1 1.0 6.9141e-06 1.0 0.00e+00 0.0 0.0e+00 0.0e+00 0.0e+00  0  0  0  0  0   0  0  0  0  0     0
MatConvert             1 1.0 5.6314e-04 1.0 0.00e+00 0.0 0.0e+00 0.0e+00 0.0e+00  0  0  0  0  0   0  0  0  0  0     0
MatAssemblyBegin       1 1.0 2.5034e-05 1.0 0.00e+00 0.0 0.0e+00 0.0e+00 0.0e+00  0  0  0  0  0   0  0  0  0  0     0
MatAssemblyEnd         1 1.0 4.4823e-05 1.0 0.00e+00 0.0 0.0e+00 0.0e+00 0.0e+00  0  0  0  0  0   0  0  0  0  0     0
MatGetValues        1092 1.0 1.6311e-02 1.0 0.00e+00 0.0 0.0e+00 0.0e+00 0.0e+00  0  0  0  0  0  13  0  0  0  0     0
MatGetRow             60 1.0 2.8419e-04 1.0 0.00e+00 0.0 0.0e+00 0.0e+00 0.0e+00  0  0  0  0  0   0  0  0  0  0     0

--- Event Stage 9: D0

VecSet                 1 1.0 7.8678e-06 1.0 0.00e+00 0.0 0.0e+00 0.0e+00 0.0e+00  0  0  0  0  0   0  0  0  0  0     0
MatConvert             1 1.0 5.7197e-04 1.0 0.00e+00 0.0 0.0e+00 0.0e+00 0.0e+00  0  0  0  0  0   2  0  0  0  0     0
MatAssemblyBegin       1 1.0 2.8849e-05 1.0 0.00e+00 0.0 0.0e+00 0.0e+00 0.0e+00  0  0  0  0  0   0  0  0  0  0     0
MatAssemblyEnd         1 1.0 4.1962e-05 1.0 0.00e+00 0.0 0.0e+00 0.0e+00 0.0e+00  0  0  0  0  0   0  0  0  0  0     0
MatGetValues        1212 1.0 1.7405e-02 1.0 0.00e+00 0.0 0.0e+00 0.0e+00 0.0e+00  0  0  0  0  0  52  0  0  0  0     0
MatGetRow             60 1.0 2.5034e-04 1.0 0.00e+00 0.0 0.0e+00 0.0e+00 0.0e+00  0  0  0  0  0   1  0  0  0  0     0

--- Event Stage 10: Ddiag

VecSet                 3 1.0 2.0027e-05 1.0 0.00e+00 0.0 0.0e+00 0.0e+00 0.0e+00  0  0  0  0  0   4  0  0  0  0     0
VecScatterBegin        1 1.0 1.7166e-05 1.0 0.00e+00 0.0 0.0e+00 0.0e+00 0.0e+00  0  0  0  0  0   4  0  0  0  0     0

--- Event Stage 11: FD

VecSet                15 1.0 1.0848e-04 1.0 0.00e+00 0.0 0.0e+00 0.0e+00 0.0e+00  0  0  0  0  0   0  0  0  0  0     0
MatConvert            10 1.0 4.8537e-03 1.0 0.00e+00 0.0 0.0e+00 0.0e+00 0.0e+00  0  0  0  0  0   1  0  0  0  0     0
MatAssemblyBegin      10 1.0 2.9826e-04 1.0 0.00e+00 0.0 0.0e+00 0.0e+00 0.0e+00  0  0  0  0  0   0  0  0  0  0     0
MatAssemblyEnd        10 1.0 1.5481e-03 1.0 0.00e+00 0.0 0.0e+00 0.0e+00 0.0e+00  0  0  0  0  0   0  0  0  0  0     0
MatGetValues       17280 1.0 2.4996e-01 1.0 0.00e+00 0.0 0.0e+00 0.0e+00 0.0e+00  5  0  0  0  0  49  0  0  0  0     0
MatGetRow           1200 1.0 5.0089e-03 1.0 0.00e+00 0.0 0.0e+00 0.0e+00 0.0e+00  0  0  0  0  0   1  0  0  0  0     0
MatAXPY                5 1.0 1.1320e-02 1.0 0.00e+00 0.0 0.0e+00 0.0e+00 0.0e+00  0  0  0  0  0   2  0  0  0  0     0

--- Event Stage 12: Trace

VecSet                10 1.0 6.9141e-05 1.0 0.00e+00 0.0 0.0e+00 0.0e+00 0.0e+00  0  0  0  0  0   0  0  0  0  0     0
MatConvert             5 1.0 2.0299e-03 1.0 0.00e+00 0.0 0.0e+00 0.0e+00 0.0e+00  0  0  0  0  0   9  0  0  0  0     0
MatAssemblyBegin       5 1.0 9.6083e-05 1.0 0.00e+00 0.0 0.0e+00 0.0e+00 0.0e+00  0  0  0  0  0   0  0  0  0  0     0
MatAssemblyEnd         5 1.0 1.2591e-03 1.0 0.00e+00 0.0 0.0e+00 0.0e+00 0.0e+00  0  0  0  0  0   6  0  0  0  0     0
MatGetRow           1200 1.0 5.1150e-03 1.0 0.00e+00 0.0 0.0e+00 0.0e+00 0.0e+00  0  0  0  0  0  23  0  0  0  0     0
MatAXPY                5 1.0 1.1028e-02 1.0 0.00e+00 0.0 0.0e+00 0.0e+00 0.0e+00  0  0  0  0  0  49  0  0  0  0     0

--- Event Stage 13: Solve

VecCopy              538 1.0 5.1250e-03 1.0 0.00e+00 0.0 0.0e+00 0.0e+00 0.0e+00  0  0  0  0  0   1  0  0  0  0     0
VecSet               583 1.0 4.3447e-03 1.0 0.00e+00 0.0 0.0e+00 0.0e+00 0.0e+00  0  0  0  0  0   1  0  0  0  0     0
MatSolve             528 1.0 4.3908e-02 1.0 0.00e+00 0.0 0.0e+00 0.0e+00 0.0e+00  1  0  0  0  0   8  0  0  0  0     0
MatCholFctrSym         5 1.0 2.5704e-03 1.0 0.00e+00 0.0 0.0e+00 0.0e+00 0.0e+00  0  0  0  0  0   0  0  0  0  0     0
MatCholFctrNum        10 1.0 2.1520e-03 1.0 0.00e+00 0.0 0.0e+00 0.0e+00 0.0e+00  0  0  0  0  0   0  0  0  0  0     0
MatCopy                5 1.0 4.3089e-03 1.0 0.00e+00 0.0 0.0e+00 0.0e+00 0.0e+00  0  0  0  0  0   1  0  0  0  0     0
MatConvert             5 1.0 2.0533e-03 1.0 0.00e+00 0.0 0.0e+00 0.0e+00 0.0e+00  0  0  0  0  0   0  0  0  0  0     0
MatAssemblyBegin      15 1.0 1.3113e-04 1.0 0.00e+00 0.0 0.0e+00 0.0e+00 0.0e+00  0  0  0  0  0   0  0  0  0  0     0
MatAssemblyEnd        15 1.0 5.1022e-04 1.0 0.00e+00 0.0 0.0e+00 0.0e+00 0.0e+00  0  0  0  0  0   0  0  0  0  0     0
MatGetRow            300 1.0 1.3037e-03 1.0 0.00e+00 0.0 0.0e+00 0.0e+00 0.0e+00  0  0  0  0  0   0  0  0  0  0     0
MatGetRowIJ            5 1.0 2.4080e-05 1.0 0.00e+00 0.0 0.0e+00 0.0e+00 0.0e+00  0  0  0  0  0   0  0  0  0  0     0
MatGetOrdering         5 1.0 1.1957e-03 1.0 0.00e+00 0.0 0.0e+00 0.0e+00 0.0e+00  0  0  0  0  0   0  0  0  0  0     0
MatZeroEntries         5 1.0 1.2302e-04 1.0 0.00e+00 0.0 0.0e+00 0.0e+00 0.0e+00  0  0  0  0  0   0  0  0  0  0     0
PCSetUp               10 1.0 9.9201e-03 1.0 0.00e+00 0.0 0.0e+00 0.0e+00 0.0e+00  0  0  0  0  0   2  0  0  0  0     0
PCApply              528 1.0 5.0250e-02 1.0 0.00e+00 0.0 0.0e+00 0.0e+00 0.0e+00  1  0  0  0  0   9  0  0  0  0     0
KSPSetUp              10 1.0 5.3167e-05 1.0 0.00e+00 0.0 0.0e+00 0.0e+00 0.0e+00  0  0  0  0  0   0  0  0  0  0     0
KSPSolve             528 1.0 9.7200e-02 1.0 0.00e+00 0.0 0.0e+00 0.0e+00 0.0e+00  2  0  0  0  0  18  0  0  0  0     0
EPSSetUp               5 1.0 2.1526e-02 1.0 0.00e+00 0.0 0.0e+00 0.0e+00 0.0e+00  0  0  0  0  0   4  0  0  0  0     0
EPSSolve               5 1.0 5.2250e-01 1.0 6.76e+06 1.0 0.0e+00 0.0e+00 0.0e+00 11 93  0  0  0  98100  0  0  0    13
STSetUp                5 1.0 1.2030e-02 1.0 0.00e+00 0.0 0.0e+00 0.0e+00 0.0e+00  0  0  0  0  0   2  0  0  0  0     0
STApply              528 1.0 1.5144e-01 1.0 0.00e+00 0.0 0.0e+00 0.0e+00 0.0e+00  3  0  0  0  0  28  0  0  0  0     0
STMatSolve           528 1.0 1.4377e-01 1.0 0.00e+00 0.0 0.0e+00 0.0e+00 0.0e+00  3  0  0  0  0  27  0  0  0  0     0
BVCreate              10 1.0 8.2827e-04 1.0 0.00e+00 0.0 0.0e+00 0.0e+00 0.0e+00  0  0  0  0  0   0  0  0  0  0     0
BVCopy                 5 1.0 1.6785e-04 1.0 0.00e+00 0.0 0.0e+00 0.0e+00 0.0e+00  0  0  0  0  0   0  0  0  0  0     0
BVMult               615 1.0 1.0202e-01 1.0 4.39e+06 1.0 0.0e+00 0.0e+00 0.0e+00  2 60  0  0  0  19 65  0  0  0    43
BVDot                610 1.0 9.3220e-02 1.0 2.31e+06 1.0 0.0e+00 0.0e+00 0.0e+00  2 32  0  0  0  17 34  0  0  0    25
BVOrthogonalize      305 1.0 2.1439e-01 1.0 4.54e+06 1.0 0.0e+00 0.0e+00 0.0e+00  5 62  0  0  0  40 67  0  0  0    21
BVScale              528 1.0 7.8645e-02 1.0 3.17e+04 1.0 0.0e+00 0.0e+00 0.0e+00  2  0  0  0  0  15  0  0  0  0     0
BVNorm               241 1.0 2.6271e-03 1.0 2.89e+04 1.0 0.0e+00 0.0e+00 0.0e+00  0  0  0  0  0   0  0  0  0  0    11
BVSetRandom            5 1.0 6.4206e-04 1.0 0.00e+00 0.0 0.0e+00 0.0e+00 0.0e+00  0  0  0  0  0   0  0  0  0  0     0
DSSolve                5 1.0 3.7837e-03 1.0 0.00e+00 0.0 0.0e+00 0.0e+00 0.0e+00  0  0  0  0  0   1  0  0  0  0     0
DSVectors            300 1.0 1.2488e-03 1.0 0.00e+00 0.0 0.0e+00 0.0e+00 0.0e+00  0  0  0  0  0   0  0  0  0  0     0
DSOther                5 1.0 8.7771e-03 1.0 0.00e+00 0.0 0.0e+00 0.0e+00 0.0e+00  0  0  0  0  0   2  0  0  0  0     0

--- Event Stage 14: Density

VecNorm              200 1.0 1.4660e-03 1.0 2.38e+04 1.0 0.0e+00 0.0e+00 0.0e+00  0  0  0  0  0   0  4  0  0  0    16
VecCopy              600 1.0 5.4665e-03 1.0 0.00e+00 0.0 0.0e+00 0.0e+00 0.0e+00  0  0  0  0  0   0  0  0  0  0     0
VecSet               470 1.0 3.3190e-03 1.0 0.00e+00 0.0 0.0e+00 0.0e+00 0.0e+00  0  0  0  0  0   0  0  0  0  0     0
VecAXPY              200 1.0 4.5491e-02 1.0 2.40e+04 1.0 0.0e+00 0.0e+00 0.0e+00  1  0  0  0  0   1  4  0  0  0     1
VecScatterBegin      405 1.0 3.9816e-03 1.0 0.00e+00 0.0 0.0e+00 0.0e+00 0.0e+00  0  0  0  0  0   0  0  0  0  0     0
MatMult              200 1.0 8.9443e-03 1.0 4.97e+05 1.0 0.0e+00 0.0e+00 0.0e+00  0  7  0  0  0   0 91  0  0  0    56
MatConvert             5 1.0 2.3787e-03 1.0 0.00e+00 0.0 0.0e+00 0.0e+00 0.0e+00  0  0  0  0  0   0  0  0  0  0     0
MatAssemblyBegin     200 1.0 3.8021e-03 1.0 0.00e+00 0.0 0.0e+00 0.0e+00 0.0e+00  0  0  0  0  0   0  0  0  0  0     0
MatAssemblyEnd       200 1.0 7.3617e-03 1.0 0.00e+00 0.0 0.0e+00 0.0e+00 0.0e+00  0  0  0  0  0   0  0  0  0  0     0
MatGetRow          12000 1.0 5.2463e-02 1.0 0.00e+00 0.0 0.0e+00 0.0e+00 0.0e+00  1  0  0  0  0   2  0  0  0  0     0
BVCopy               400 1.0 1.4447e-02 1.0 0.00e+00 0.0 0.0e+00 0.0e+00 0.0e+00  0  0  0  0  0   0  0  0  0  0     0
------------------------------------------------------------------------------------------------------------------------

Memory usage is given in bytes:

Object Type          Creations   Destructions     Memory  Descendants' Mem.
Reports information only for process 0.

--- Event Stage 0: Main Stage


--- Event Stage 1: Input


--- Event Stage 2: Initialize


--- Event Stage 3: Enuclear


--- Event Stage 4: Ereference


--- Event Stage 5: Basisset


--- Event Stage 6: getNnz


--- Event Stage 7: getGammaAIJ

           Index Set     2              2         1552     0
              Vector     2              1         1592     0
      Vector Scatter     1              0            0     0
              Matrix     3              0            0     0

--- Event Stage 8: F0

              Vector     1              0            0     0
      Vector Scatter     1              0            0     0
              Matrix     3              0            0     0

--- Event Stage 9: D0

              Vector     1              0            0     0
      Vector Scatter     1              0            0     0
              Matrix     3              0            0     0

--- Event Stage 10: Ddiag

           Index Set     2              2         2032     0
              Vector     2              1         2008     0
      Vector Scatter     1              1          656     0

--- Event Stage 11: FD

           Index Set    10             10         7760     0
              Vector    20             14        21712     0
      Vector Scatter    15              9         5904     0
              Matrix    45             27       225576     0

--- Event Stage 12: Trace

           Index Set    10             10         7760     0
              Vector    15             15        23240     0
      Vector Scatter    10             10         6560     0
              Matrix    30             30       250620     0

--- Event Stage 13: Solve

         PetscRandom    10              8         4992     0
           Index Set    30             29        25424     0
              Vector    95            102       677616     0
      Vector Scatter     5              8         5248     0
              Matrix    35             40       388848     0
      Preconditioner     5              4         4608     0
       Krylov Solver     5              4         4576     0
          EPS Solver    10              8        36896     0
  Spectral Transform     5              4         3232     0
       Basis Vectors    20             18       176912     0
       Direct Solver    10              8       379008     0
              Region    10              8         5184     0

--- Event Stage 14: Density

              Viewer     1              0            0     0
         PetscRandom     0              2         1248     0
           Index Set    20             21        21096     0
              Vector    65             68       176864     0
      Vector Scatter   210            216       141696     0
              Matrix    15             37       314720     0
      Preconditioner     0              1         1152     0
       Krylov Solver     0              1         1144     0
          EPS Solver     0              2         8888     0
  Spectral Transform     0              1          808     0
       Basis Vectors     0              2         2048     0
       Direct Solver     0              2        94752     0
              Region     0              2         1296     0
========================================================================================================================
Average time to get PetscTime(): 9.53674e-08
#PETSc Option Table entries:
-debug 0
-eps_interval -7000,700
-eps_krylovschur_detect_zeros TRUE
-eps_krylovschur_partitions 1
-eps_purify 1
-eps_tol 1.e-8
-log_summary
-mat_mumps_icntl_13 1
-mat_mumps_icntl_23 0
-mat_mumps_icntl_24 1
-maxdist 5.5
-maxiter 6
-method mindo3AIJ
-scfthresh 1.e-7
-sips False
-solve 1
-st_ksp_type preonly
-st_pc_factor_mat_solver_package mumps
-st_pc_type cholesky
-st_type sinvert
-staticsubint False
-xyz ./XYZ/004.xyz
#End of PETSc Option Table entries
Compiled without FORTRAN kernels
Compiled with full precision matrices (default)
sizeof(short) 2 sizeof(int) 4 sizeof(long) 8 sizeof(void*) 8 sizeof(PetscScalar) 8 sizeof(PetscInt) 4
Configure options: --download-cmake=0 --download-elemental=0 --downloadpetsc4py=0 --download-hypre=0 --download-metis=0 --with-mpi-dir=/usr/local/Cellar/open-mpi/1.8.4_1/ --download-mumps=1 --download-parmetis=0 --download-parms=0 --download-ptscotch=1 --download-scalapack=1 --download-suitesparse=0 --download-sundials=0 --download-superlu=0 --download-superlu_dist=0 --download-triangle=0 --with-debugging=1 --with-sowing=1 --with-shared-libraries=1 PETSC_ARCH=dev_debug
-----------------------------------------
Libraries compiled on Tue Aug  4 12:03:39 2015 on Keceli-RMBP.local 
Machine characteristics: Darwin-13.4.0-x86_64-i386-64bit
Using PETSc directory: /Volumes/s/keceli/lib/petsc
Using PETSc arch: dev_debug
-----------------------------------------

Using C compiler: /usr/local/Cellar/open-mpi/1.8.4_1/bin/mpicc  -fPIC -Wall -Wwrite-strings -Wno-strict-aliasing -Wno-unknown-pragmas -g3 -O0  ${COPTFLAGS} ${CFLAGS}
Using Fortran compiler: /usr/local/Cellar/open-mpi/1.8.4_1/bin/mpif90  -fPIC -Wall -Wno-unused-variable -ffree-line-length-0 -Wno-unused-dummy-argument -g -O0   ${FOPTFLAGS} ${FFLAGS} 
-----------------------------------------

Using include paths: -I/Volumes/s/keceli/lib/petsc/dev_debug/include -I/Volumes/s/keceli/lib/petsc/include -I/Volumes/s/keceli/lib/petsc/include -I/Volumes/s/keceli/lib/petsc/dev_debug/include -I/opt/X11/include -I/usr/local/Cellar/open-mpi/1.8.4_1/include
-----------------------------------------

Using C linker: /usr/local/Cellar/open-mpi/1.8.4_1/bin/mpicc
Using Fortran linker: /usr/local/Cellar/open-mpi/1.8.4_1/bin/mpif90
Using libraries: -Wl,-rpath,/Volumes/s/keceli/lib/petsc/dev_debug/lib -L/Volumes/s/keceli/lib/petsc/dev_debug/lib -lpetsc -Wl,-rpath,/Volumes/s/keceli/lib/petsc/dev_debug/lib -L/Volumes/s/keceli/lib/petsc/dev_debug/lib -lcmumps -ldmumps -lsmumps -lzmumps -lmumps_common -lpord -lscalapack -llapack -lblas -lptesmumps -lptscotch -lptscotcherr -lscotch -lscotcherr -Wl,-rpath,/opt/X11/lib -L/opt/X11/lib -lX11 -lssl -lcrypto -Wl,-rpath,/usr/local/opt/libevent/lib -L/usr/local/opt/libevent/lib -Wl,-rpath,/usr/local/Cellar/open-mpi/1.8.4_1/lib -L/usr/local/Cellar/open-mpi/1.8.4_1/lib -Wl,-rpath,/Applications/Xcode.app/Contents/Developer/Toolchains/XcodeDefault.xctoolchain/usr/lib/clang/6.0/lib/darwin -L/Applications/Xcode.app/Contents/Developer/Toolchains/XcodeDefault.xctoolchain/usr/lib/clang/6.0/lib/darwin -lmpi_usempif08 -lmpi_usempi_ignore_tkr -lmpi_mpifh -lgfortran -Wl,-rpath,/usr/local/Cellar/gcc/5.1.0/lib/gcc/5/gcc/x86_64-apple-darwin13.4.0/5.1.0 -L/usr/local/Cellar/gcc/5.1.0/lib/gcc/5/gcc/x86_64-apple-darwin13.4.0/5.1.0 -Wl,-rpath,/usr/local/Cellar/gcc/5.1.0/lib/gcc/5 -L/usr/local/Cellar/gcc/5.1.0/lib/gcc/5 -lgfortran -lgcc_ext.10.5 -lquadmath -lm -lclang_rt.osx -lmpi_cxx -lc++ -Wl,-rpath,/Applications/Xcode.app/Contents/Developer/Toolchains/XcodeDefault.xctoolchain/usr/bin/../lib/clang/6.0/lib/darwin -L/Applications/Xcode.app/Contents/Developer/Toolchains/XcodeDefault.xctoolchain/usr/bin/../lib/clang/6.0/lib/darwin -lclang_rt.osx -lm -lz -Wl,-rpath,/usr/local/opt/libevent/lib -L/usr/local/opt/libevent/lib -Wl,-rpath,/usr/local/Cellar/open-mpi/1.8.4_1/lib -L/usr/local/Cellar/open-mpi/1.8.4_1/lib -ldl -lmpi -lSystem -Wl,-rpath,/Applications/Xcode.app/Contents/Developer/Toolchains/XcodeDefault.xctoolchain/usr/bin/../lib/clang/6.0/lib/darwin -L/Applications/Xcode.app/Contents/Developer/Toolchains/XcodeDefault.xctoolchain/usr/bin/../lib/clang/6.0/lib/darwin -lclang_rt.osx -ldl 
-----------------------------------------

