*********Stage Input**********
xyz read from file:./XYZ/004.xyz
Number of atoms: 30
Number of electrons: 100
MINDO/3 calculation starts...
*********Stage Input**********
Distance cutoff: 5.500
SCF threshold: 1.000e-07
Maximum number of SCF iterations: 6
Subintervals will be updated after the first iteration
*******Stage Initialize*******
********Stage Enuclear********
Enuc           =    247444.5428110029 kcal/mol =     10730.0005555268 ev =       394.3279628611 Hartree
*******Stage Ereference*******
Eref           =     78218.5988000001 kcal/mol =      3391.8129656129 ev =       124.6492663458 Hartree
********Stage Basisset********
Number of basis functions: 60
Number of valance electrons: 80
*********Stage getNnz*********
Maximum nonzeros per row: 15
Maximum bandwidth       : 44
Average nonzeros per row: 5.53333333333
Total number of nonzeros: 332
Nonzero density percent : 18.1420765027
******Stage getGammaAIJ*******
Nonzero density percent : 36.393442623
Enuc2          =    882730.8998648593 kcal/mol =     38278.0842055791 ev =      1406.7211729302 Hartree
***********Stage F0***********
***********Stage D0***********
*********Stage Ddiag**********
**************SELF-CONSISTENT-FIELD ITERATIONS**************
************************Iteration 1*************************
***********Stage FD***********
*********Stage Trace**********
Eel            =   -176603.7934116042 kcal/mol =     -7658.1151472878 ev =      -281.4360474409 Hartree
*********Stage Solve**********
Range of required eigenvalues: -27.362 , -11.098
0.104117870331 seconds
60 eigenvalues converged
********Stage Density*********
0.438893079758 seconds
************************Iteration 2*************************
***********Stage FD***********
*********Stage Trace**********
Eel            =   -186386.7684991316 kcal/mol =     -8082.3367806744 ev =      -297.0262099604 Hartree
*********Stage Solve**********
New interval boundaries: -35.494 , -2.966
Range of required eigenvalues: -32.368 , -8.996
0.129386901855 seconds
40 eigenvalues converged
********Stage Density*********
0.527383089066 seconds
************************Iteration 3*************************
***********Stage FD***********
*********Stage Trace**********
Eel            =   -186579.4395236470 kcal/mol =     -8090.6916232447 ev =      -297.3332507693 Hartree
*********Stage Solve**********
New interval boundaries: -44.053 , 2.689
Range of required eigenvalues: -31.731 , -11.293
0.135524988174 seconds
48 eigenvalues converged
********Stage Density*********
0.451148986816 seconds
************************Iteration 4*************************
***********Stage FD***********
*********Stage Trace**********
Eel            =   -186594.4266078951 kcal/mol =     -8091.3415119854 ev =      -297.3571342074 Hartree
*********Stage Solve**********
New interval boundaries: -41.950 , -1.075
Range of required eigenvalues: -31.764 , -11.803
0.135782003403 seconds
40 eigenvalues converged
********Stage Density*********
0.429386854172 seconds
************************Iteration 5*************************
***********Stage FD***********
*********Stage Trace**********
Eel            =   -186596.7413373353 kcal/mol =     -8091.4418861860 ev =      -297.3608229634 Hartree
*********Stage Solve**********
New interval boundaries: -41.744 , -1.823
Range of required eigenvalues: -31.726 , -11.871
0.124372005463 seconds
40 eigenvalues converged
********Stage Density*********
0.431678056717 seconds
Enuc           =    882730.8998648593 kcal/mol =     38278.0842055791 ev =      1406.7211729302 Hartree
Eref           =     78218.5988000001 kcal/mol =      3391.8129656129 ev =       124.6492663458 Hartree
Eel            =   -186596.7413373353 kcal/mol =     -8091.4418861860 ev =      -297.3608229634 Hartree
Eel+Enuke      =    696134.1585275241 kcal/mol =     30186.6423193931 ev =      1109.3603499669 Hartree
Eel+Enuke+Eref =    774352.7573275241 kcal/mol =     33578.4552850060 ev =      1234.0096163126 Hartree
MINDO/3 calculation finishes.
************************************************************************************************************************
***             WIDEN YOUR WINDOW TO 120 CHARACTERS.  Use 'enscript -r -fCourier9' to print this document            ***
************************************************************************************************************************

---------------------------------------------- PETSc Performance Summary: ----------------------------------------------

pscf.py on a dev_debug named Keceli-RMBP.local with 2 processors, by kecelim Thu Nov 12 15:49:10 2015
Using Petsc Development GIT revision: v3.6.1-287-g0932d2e  GIT Date: 2015-07-31 14:39:10 -0500

                         Max       Max/Min        Avg      Total 
Time (sec):           3.554e+00      1.00000   3.554e+00
Objects:              7.890e+02      1.01284   7.840e+02
Flops:                6.675e+06      1.16730   6.196e+06  1.239e+07
Flops/sec:            1.878e+06      1.16730   1.743e+06  3.487e+06
Memory:               1.578e+06      1.00472              3.149e+06
MPI Messages:         9.905e+02      1.00000   9.905e+02  1.981e+03
MPI Message Lengths:  1.431e+05      1.00000   1.444e+02  2.861e+05
MPI Reductions:       6.752e+03      1.00000

Flop counting convention: 1 flop = 1 real number operation of type (multiply/divide/add/subtract)
                            e.g., VecAXPY() for real vectors of length N --> 2N flops
                            and VecAXPY() for complex vectors of length N --> 8N flops

Summary of Stages:   ----- Time ------  ----- Flops -----  --- Messages ---  -- Message Lengths --  -- Reductions --
                        Avg     %Total     Avg     %Total   counts   %Total     Avg         %Total   counts   %Total 
 0:      Main Stage: 5.6793e-02   1.6%  0.0000e+00   0.0%  0.000e+00   0.0%  0.000e+00        0.0%  0.000e+00   0.0% 
 1:           Input: 1.9660e-03   0.1%  0.0000e+00   0.0%  0.000e+00   0.0%  0.000e+00        0.0%  0.000e+00   0.0% 
 2:      Initialize: 3.2396e-03   0.1%  0.0000e+00   0.0%  0.000e+00   0.0%  0.000e+00        0.0%  0.000e+00   0.0% 
 3:        Enuclear: 7.6864e-03   0.2%  0.0000e+00   0.0%  0.000e+00   0.0%  0.000e+00        0.0%  0.000e+00   0.0% 
 4:      Ereference: 5.6028e-05   0.0%  0.0000e+00   0.0%  0.000e+00   0.0%  0.000e+00        0.0%  0.000e+00   0.0% 
 5:        Basisset: 9.7871e-05   0.0%  0.0000e+00   0.0%  0.000e+00   0.0%  0.000e+00        0.0%  0.000e+00   0.0% 
 6:          getNnz: 1.1256e-02   0.3%  0.0000e+00   0.0%  0.000e+00   0.0%  0.000e+00        0.0%  0.000e+00   0.0% 
 7:     getGammaAIJ: 7.7525e-03   0.2%  0.0000e+00   0.0%  7.000e+00   0.4%  1.516e+00        1.0%  2.100e+01   0.3% 
 8:              F0: 1.4202e-01   4.0%  0.0000e+00   0.0%  0.000e+00   0.0%  0.000e+00        0.0%  6.000e+00   0.1% 
 9:              D0: 3.4025e-02   1.0%  0.0000e+00   0.0%  0.000e+00   0.0%  0.000e+00        0.0%  6.000e+00   0.1% 
10:           Ddiag: 7.0870e-04   0.0%  0.0000e+00   0.0%  6.000e+00   0.3%  3.675e-01        0.3%  1.000e+01   0.1% 
11:              FD: 3.3875e-01   9.5%  0.0000e+00   0.0%  2.000e+01   1.0%  4.644e-01        0.3%  1.550e+02   2.3% 
12:           Trace: 2.1228e-02   0.6%  0.0000e+00   0.0%  2.000e+01   1.0%  4.644e-01        0.3%  1.250e+02   1.9% 
13:           Solve: 6.2927e-01  17.7%  1.1848e+07  95.6%  1.000e+01   0.5%  3.029e-02        0.0%  3.220e+02   4.8% 
14:         Density: 2.2994e+00  64.7%  5.4480e+05   4.4%  1.918e+03  96.8%  1.416e+02       98.0%  6.106e+03  90.4% 

------------------------------------------------------------------------------------------------------------------------
See the 'Profiling' chapter of the users' manual for details on interpreting output.
Phase summary info:
   Count: number of times phase was executed
   Time and Flops: Max - maximum over all processors
                   Ratio - ratio of maximum to minimum over all processors
   Mess: number of messages sent
   Avg. len: average message length (bytes)
   Reduct: number of global reductions
   Global: entire computation
   Stage: stages of a computation. Set stages with PetscLogStagePush() and PetscLogStagePop().
      %T - percent time in this phase         %F - percent flops in this phase
      %M - percent messages in this phase     %L - percent message lengths in this phase
      %R - percent reductions in this phase
   Total Mflop/s: 10e-6 * (sum of flops over all processors)/(max time over all processors)
------------------------------------------------------------------------------------------------------------------------


      ##########################################################
      #                                                        #
      #                          WARNING!!!                    #
      #                                                        #
      #   This code was compiled with a debugging option,      #
      #   To get timing results run ./configure                #
      #   using --with-debugging=no, the performance will      #
      #   be generally two or three times faster.              #
      #                                                        #
      ##########################################################


Event                Count      Time (sec)     Flops                             --- Global ---  --- Stage ---   Total
                   Max Ratio  Max     Ratio   Max  Ratio  Mess   Avg len Reduct  %T %F %M %L %R  %T %F %M %L %R Mflop/s
------------------------------------------------------------------------------------------------------------------------

--- Event Stage 0: Main Stage


--- Event Stage 1: Input


--- Event Stage 2: Initialize


--- Event Stage 3: Enuclear


--- Event Stage 4: Ereference


--- Event Stage 5: Basisset


--- Event Stage 6: getNnz


--- Event Stage 7: getGammaAIJ

VecSet                 1 1.0 1.2875e-05 1.0 0.00e+00 0.0 0.0e+00 0.0e+00 0.0e+00  0  0  0  0  0   0  0  0  0  0     0
MatAssemblyBegin       1 1.0 3.6139e-0369.5 0.00e+00 0.0 3.0e+00 9.4e+02 2.0e+00  0  0  0  1  0  24  0 43 94 10     0
MatAssemblyEnd         1 1.0 6.9213e-04 1.0 0.00e+00 0.0 4.0e+00 4.6e+01 1.5e+01  0  0  0  0  0   9  0 57  6 71     0

--- Event Stage 8: F0

VecSet                 1 1.0 7.8678e-06 1.0 0.00e+00 0.0 0.0e+00 0.0e+00 0.0e+00  0  0  0  0  0   0  0  0  0  0     0
MatConvert             1 1.0 5.7888e-04 1.0 0.00e+00 0.0 0.0e+00 0.0e+00 2.0e+00  0  0  0  0  0   0  0  0  0 33     0
MatAssemblyBegin       1 1.0 5.0805e-02563.7 0.00e+00 0.0 0.0e+00 0.0e+00 2.0e+00  1  0  0  0  0  18  0  0  0 33     0
MatAssemblyEnd         1 1.0 6.1989e-05 1.0 0.00e+00 0.0 0.0e+00 0.0e+00 2.0e+00  0  0  0  0  0   0  0  0  0 33     0
MatGetValues         686 1.7 1.5555e-02 1.7 0.00e+00 0.0 0.0e+00 0.0e+00 0.0e+00  0  0  0  0  0   9  0  0  0  0     0
MatGetRow             30 1.0 2.1911e-04 1.1 0.00e+00 0.0 0.0e+00 0.0e+00 0.0e+00  0  0  0  0  0   0  0  0  0  0     0

--- Event Stage 9: D0

VecSet                 1 1.0 1.0967e-05 1.1 0.00e+00 0.0 0.0e+00 0.0e+00 0.0e+00  0  0  0  0  0   0  0  0  0  0     0
MatConvert             1 1.0 9.4104e-04 1.0 0.00e+00 0.0 0.0e+00 0.0e+00 2.0e+00  0  0  0  0  0   3  0  0  0 33     0
MatAssemblyBegin       1 1.0 1.1331e-02231.8 0.00e+00 0.0 0.0e+00 0.0e+00 2.0e+00  0  0  0  0  0  17  0  0  0 33     0
MatAssemblyEnd         1 1.0 4.1962e-05 1.1 0.00e+00 0.0 0.0e+00 0.0e+00 2.0e+00  0  0  0  0  0   0  0  0  0 33     0
MatGetValues         746 1.6 1.6366e-02 1.6 0.00e+00 0.0 0.0e+00 0.0e+00 0.0e+00  0  0  0  0  0  39  0  0  0  0     0
MatGetRow             30 1.0 2.0576e-04 1.0 0.00e+00 0.0 0.0e+00 0.0e+00 0.0e+00  0  0  0  0  0   1  0  0  0  0     0

--- Event Stage 10: Ddiag

VecSet                 2 1.0 1.5020e-05 1.0 0.00e+00 0.0 0.0e+00 0.0e+00 0.0e+00  0  0  0  0  0   2  0  0  0  0     0
VecScatterBegin        1 1.0 8.5831e-05 3.9 0.00e+00 0.0 2.0e+00 2.4e+02 0.0e+00  0  0  0  0  0   8  0 33 66  0     0
VecScatterEnd          1 1.0 4.1008e-05 3.7 0.00e+00 0.0 0.0e+00 0.0e+00 0.0e+00  0  0  0  0  0   4  0  0  0  0     0

--- Event Stage 11: FD

VecSet                15 1.0 1.3471e-04 1.0 0.00e+00 0.0 0.0e+00 0.0e+00 0.0e+00  0  0  0  0  0   0  0  0  0  0     0
MatConvert            10 1.0 6.5584e-03 1.0 0.00e+00 0.0 0.0e+00 0.0e+00 2.0e+01  0  0  0  0  0   2  0  0  0 13     0
MatAssemblyBegin      10 1.0 1.2326e-01203.2 0.00e+00 0.0 0.0e+00 0.0e+00 2.0e+01  2  0  0  0  0  18  0  0  0 13     0
MatAssemblyEnd        10 1.0 2.8636e-03 1.0 0.00e+00 0.0 2.0e+01 4.6e+01 8.0e+01  0  0  1  0  1   1  0100100 52     0
MatGetValues       10740 1.6 1.6160e-01 1.7 0.00e+00 0.0 0.0e+00 0.0e+00 0.0e+00  4  0  0  0  0  38  0  0  0  0     0
MatGetRow            600 1.0 3.2666e-03 1.0 0.00e+00 0.0 0.0e+00 0.0e+00 0.0e+00  0  0  0  0  0   1  0  0  0  0     0
MatAXPY                5 1.0 1.2395e-02 1.0 0.00e+00 0.0 2.0e+01 4.6e+01 1.1e+02  0  0  1  0  2   4  0100100 71     0

--- Event Stage 12: Trace

VecSet                10 1.0 8.7738e-05 1.0 0.00e+00 0.0 0.0e+00 0.0e+00 0.0e+00  0  0  0  0  0   0  0  0  0  0     0
MatConvert             5 1.0 2.9640e-03 1.1 0.00e+00 0.0 0.0e+00 0.0e+00 1.0e+01  0  0  0  0  0  14  0  0  0  8     0
MatAssemblyBegin       5 1.0 2.9135e-04 1.1 0.00e+00 0.0 0.0e+00 0.0e+00 1.0e+01  0  0  0  0  0   1  0  0  0  8     0
MatAssemblyEnd         5 1.0 2.4650e-03 1.0 0.00e+00 0.0 2.0e+01 4.6e+01 7.0e+01  0  0  1  0  1  12  0100100 56     0
MatGetRow            600 1.0 3.2842e-03 1.0 0.00e+00 0.0 0.0e+00 0.0e+00 0.0e+00  0  0  0  0  0  15  0  0  0  0     0
MatAXPY                5 1.0 1.0905e-02 1.0 0.00e+00 0.0 2.0e+01 4.6e+01 1.1e+02  0  0  1  0  2  51  0100100 88     0

--- Event Stage 13: Solve

VecCopy              446 1.3 4.6945e-03 1.3 0.00e+00 0.0 0.0e+00 0.0e+00 0.0e+00  0  0  0  0  0   1  0  0  0  0     0
VecSet               481 1.3 4.0939e-03 1.3 0.00e+00 0.0 0.0e+00 0.0e+00 0.0e+00  0  0  0  0  0   1  0  0  0  0     0
MatSolve             436 1.3 4.0915e-02 1.3 0.00e+00 0.0 0.0e+00 0.0e+00 0.0e+00  1  0  0  0  0   6  0  0  0  0     0
MatCholFctrSym         5 1.0 3.0117e-03 1.1 0.00e+00 0.0 0.0e+00 0.0e+00 0.0e+00  0  0  0  0  0   0  0  0  0  0     0
MatCholFctrNum        10 2.0 2.3828e-03 1.5 0.00e+00 0.0 0.0e+00 0.0e+00 0.0e+00  0  0  0  0  0   0  0  0  0  0     0
MatCopy                5 0.0 4.6690e-03 0.0 0.00e+00 0.0 0.0e+00 0.0e+00 0.0e+00  0  0  0  0  0   0  0  0  0  0     0
MatConvert            10 1.0 1.9610e-03 1.0 0.00e+00 0.0 0.0e+00 0.0e+00 0.0e+00  0  0  0  0  0   0  0  0  0  0     0
MatAssemblyBegin      20 2.0 9.7275e-05 2.1 0.00e+00 0.0 0.0e+00 0.0e+00 0.0e+00  0  0  0  0  0   0  0  0  0  0     0
MatAssemblyEnd        20 2.0 4.5466e-04 1.7 0.00e+00 0.0 0.0e+00 0.0e+00 0.0e+00  0  0  0  0  0   0  0  0  0  0     0
MatGetRow            300 0.0 1.4477e-03 0.0 0.00e+00 0.0 0.0e+00 0.0e+00 0.0e+00  0  0  0  0  0   0  0  0  0  0     0
MatGetRowIJ            5 1.0 3.0041e-05 1.0 0.00e+00 0.0 0.0e+00 0.0e+00 0.0e+00  0  0  0  0  0   0  0  0  0  0     0
MatGetSubMatrice       5 1.0 2.5611e-03 1.0 0.00e+00 0.0 0.0e+00 0.0e+00 2.0e+01  0  0  0  0  0   0  0  0  0  6     0
MatGetOrdering         5 1.0 1.6358e-03 1.0 0.00e+00 0.0 0.0e+00 0.0e+00 0.0e+00  0  0  0  0  0   0  0  0  0  0     0
MatZeroEntries         5 0.0 3.2663e-05 0.0 0.00e+00 0.0 0.0e+00 0.0e+00 0.0e+00  0  0  0  0  0   0  0  0  0  0     0
MatRedundantMat        5 1.0 3.9463e-03 1.0 0.00e+00 0.0 0.0e+00 0.0e+00 2.0e+01  0  0  0  0  0   1  0  0  0  6     0
PCSetUp               10 2.0 9.6979e-03 1.2 0.00e+00 0.0 0.0e+00 0.0e+00 0.0e+00  0  0  0  0  0   1  0  0  0  0     0
PCApply              436 1.3 4.6762e-02 1.3 0.00e+00 0.0 0.0e+00 0.0e+00 0.0e+00  1  0  0  0  0   7  0  0  0  0     0
KSPSetUp              10 2.0 6.8665e-05 1.9 0.00e+00 0.0 0.0e+00 0.0e+00 0.0e+00  0  0  0  0  0   0  0  0  0  0     0
KSPSolve             436 1.3 8.9864e-02 1.3 0.00e+00 0.0 0.0e+00 0.0e+00 0.0e+00  2  0  0  0  0  13  0  0  0  0     0
EPSSetUp               5 1.0 3.0347e-02 1.0 0.00e+00 0.0 1.0e+01 6.0e+00 1.8e+02  1  0  1  0  3   5  0100100 54     0
EPSSolve               5 1.0 6.1587e-01 1.0 6.46e+06 1.2 1.0e+01 6.0e+00 2.1e+02 17 96  1  0  3  98100100100 65    19
STSetUp               10 1.0 1.0924e-02 1.0 0.00e+00 0.0 0.0e+00 0.0e+00 1.5e+01  0  0  0  0  0   2  0  0  0  5     0
STApply              436 1.3 1.4005e-01 1.3 0.00e+00 0.0 0.0e+00 0.0e+00 0.0e+00  4  0  0  0  0  20  0  0  0  0     0
STMatSolve           436 1.3 1.3305e-01 1.3 0.00e+00 0.0 0.0e+00 0.0e+00 0.0e+00  3  0  0  0  0  19  0  0  0  0     0
BVCreate              10 1.2 1.0121e-03 1.3 0.00e+00 0.0 0.0e+00 0.0e+00 0.0e+00  0  0  0  0  0   0  0  0  0  0     0
BVCopy                 5 1.2 2.0528e-04 1.2 0.00e+00 0.0 0.0e+00 0.0e+00 0.0e+00  0  0  0  0  0   0  0  0  0  0     0
BVMult               564 1.1 1.3483e-01 1.1 4.25e+06 1.2 0.0e+00 0.0e+00 0.0e+00  4 63  0  0  0  21 66  0  0  0    58
BVDot                559 1.1 1.2499e-01 1.1 2.16e+06 1.2 0.0e+00 0.0e+00 0.0e+00  3 32  0  0  0  19 34  0  0  0    32
BVOrthogonalize      305 1.2 2.7943e-01 1.1 4.26e+06 1.2 0.0e+00 0.0e+00 0.0e+00  8 64  0  0  0  43 67  0  0  0    28
BVScale              436 1.3 8.9720e-02 1.2 2.62e+04 1.3 0.0e+00 0.0e+00 0.0e+00  2  0  0  0  0  13  0  0  0  0     1
BVNorm               145 1.5 1.5466e-03 1.5 1.74e+04 1.5 0.0e+00 0.0e+00 0.0e+00  0  0  0  0  0   0  0  0  0  0    19
BVSetRandom            5 1.2 7.9465e-04 1.2 0.00e+00 0.0 0.0e+00 0.0e+00 0.0e+00  0  0  0  0  0   0  0  0  0  0     0
DSSolve                5 1.2 4.1840e-03 1.2 0.00e+00 0.0 0.0e+00 0.0e+00 0.0e+00  0  0  0  0  0   1  0  0  0  0     0
DSVectors            300 1.2 1.4393e-03 1.3 0.00e+00 0.0 0.0e+00 0.0e+00 0.0e+00  0  0  0  0  0   0  0  0  0  0     0
DSOther                5 1.2 7.5469e-03 1.2 0.00e+00 0.0 0.0e+00 0.0e+00 0.0e+00  0  0  0  0  0   1  0  0  0  0     0

--- Event Stage 14: Density

VecNorm              200 1.0 3.0806e-03 1.2 1.20e+04 1.0 0.0e+00 0.0e+00 2.0e+02  0  0  0  0  3   0  4  0  0  3     8
VecCopy              600 1.0 5.8641e-03 1.0 0.00e+00 0.0 0.0e+00 0.0e+00 0.0e+00  0  0  0  0  0   0  0  0  0  0     0
VecSet               420 1.0 3.2172e-03 1.0 0.00e+00 0.0 0.0e+00 0.0e+00 0.0e+00  0  0  0  0  0   0  0  0  0  0     0
VecAXPY              200 1.0 5.1535e-02 1.0 1.20e+04 1.0 0.0e+00 0.0e+00 0.0e+00  1  0  0  0  0   2  4  0  0  0     0
VecScatterBegin      633 1.0 6.8564e-03 1.0 0.00e+00 0.0 1.0e+03 2.2e+02 0.0e+00  0  0 52 78  0   0  0 54 80  0     0
VecScatterEnd        633 1.0 5.2719e-03 1.0 0.00e+00 0.0 0.0e+00 0.0e+00 0.0e+00  0  0  0  0  0   0  0  0  0  0     0
MatMult              200 1.0 1.1808e-02 1.0 3.04e+05 1.6 4.0e+02 1.8e+02 0.0e+00  0  4 20 25  0   1 91 21 25  0    42
MatConvert             5 1.0 2.7890e-03 1.1 0.00e+00 0.0 0.0e+00 0.0e+00 1.0e+01  0  0  0  0  0   0  0  0  0  0     0
MatAssemblyBegin     200 1.0 7.0863e-01131.4 0.00e+00 0.0 0.0e+00 0.0e+00 4.0e+02 10  0  0  0  6  16  0  0  0  7     0
MatAssemblyEnd       200 1.0 7.5550e-03 1.0 0.00e+00 0.0 0.0e+00 0.0e+00 4.0e+02  0  0  0  0  6   0  0  0  0  7     0
MatGetRow           6000 1.0 2.8858e-02 1.0 0.00e+00 0.0 0.0e+00 0.0e+00 0.0e+00  1  0  0  0  0   1  0  0  0  0     0
BVCopy               400 1.0 1.6256e-02 1.0 0.00e+00 0.0 0.0e+00 0.0e+00 8.0e+02  0  0  0  0 12   1  0  0  0 13     0
------------------------------------------------------------------------------------------------------------------------

Memory usage is given in bytes:

Object Type          Creations   Destructions     Memory  Descendants' Mem.
Reports information only for process 0.

--- Event Stage 0: Main Stage


--- Event Stage 1: Input


--- Event Stage 2: Initialize


--- Event Stage 3: Enuclear


--- Event Stage 4: Ereference


--- Event Stage 5: Basisset


--- Event Stage 6: getNnz


--- Event Stage 7: getGammaAIJ

           Index Set     2              2         1668     0
              Vector     2              1         1592     0
      Vector Scatter     1              0            0     0
              Matrix     3              0            0     0

--- Event Stage 8: F0

              Vector     1              0            0     0
      Vector Scatter     1              0            0     0
              Matrix     3              0            0     0

--- Event Stage 9: D0

              Vector     1              0            0     0
      Vector Scatter     1              0            0     0
              Matrix     3              0            0     0

--- Event Stage 10: Ddiag

           Index Set     2              2         2032     0
              Vector     2              1         1832     0
      Vector Scatter     1              1         1328     0

--- Event Stage 11: FD

           Index Set    10             10         8340     0
              Vector    20             14        23800     0
      Vector Scatter    15              9         9792     0
              Matrix    45             27       164412     0

--- Event Stage 12: Trace

           Index Set    10             10         8340     0
              Vector    15             15        25560     0
      Vector Scatter    10             10        10880     0
              Matrix    30             30       182660     0

--- Event Stage 13: Solve

         PetscRandom    10              8         4992     0
           Index Set    30             27        23632     0
              Vector   108            111       621896     0
      Vector Scatter     0              4         4352     0
              Matrix    24             31       434120     0
      Preconditioner    10              8         8512     0
       Krylov Solver    10              8         9152     0
          EPS Solver    10              8        36324     0
  Spectral Transform    10              8         6464     0
       Basis Vectors    23             20       147264     0
       Direct Solver    10              8       348264     0
              Region    10              8         5184     0

--- Event Stage 14: Density

              Viewer     1              0            0     0
         PetscRandom     0              2         1248     0
           Index Set    40             43        40808     0
              Vector    70             77       190056     0
      Vector Scatter   220            225       295200     0
              Matrix    15             35       275016     0
      Preconditioner     0              2         2128     0
       Krylov Solver     0              2         2288     0
          EPS Solver     0              2         9376     0
  Spectral Transform     0              2         1616     0
       Basis Vectors     0              3         3072     0
       Direct Solver     0              2        94752     0
              Region     0              2         1296     0
========================================================================================================================
Average time to get PetscTime(): 0
Average time for MPI_Barrier(): 4.29153e-07
Average time for zero size MPI_Send(): 1.94311e-05
#PETSc Option Table entries:
-debug 0
-eps_interval -7000,700
-eps_krylovschur_detect_zeros TRUE
-eps_krylovschur_partitions 2
-eps_purify 1
-eps_tol 1.e-8
-log_summary
-mat_mumps_icntl_13 1
-mat_mumps_icntl_23 0
-mat_mumps_icntl_24 1
-maxdist 5.5
-maxiter 6
-method mindo3AIJ
-scfthresh 1.e-7
-sips False
-solve 1
-st_ksp_type preonly
-st_pc_factor_mat_solver_package mumps
-st_pc_type cholesky
-st_type sinvert
-staticsubint False
-xyz ./XYZ/004.xyz
#End of PETSc Option Table entries
Compiled without FORTRAN kernels
Compiled with full precision matrices (default)
sizeof(short) 2 sizeof(int) 4 sizeof(long) 8 sizeof(void*) 8 sizeof(PetscScalar) 8 sizeof(PetscInt) 4
Configure options: --download-cmake=0 --download-elemental=0 --downloadpetsc4py=0 --download-hypre=0 --download-metis=0 --with-mpi-dir=/usr/local/Cellar/open-mpi/1.8.4_1/ --download-mumps=1 --download-parmetis=0 --download-parms=0 --download-ptscotch=1 --download-scalapack=1 --download-suitesparse=0 --download-sundials=0 --download-superlu=0 --download-superlu_dist=0 --download-triangle=0 --with-debugging=1 --with-sowing=1 --with-shared-libraries=1 PETSC_ARCH=dev_debug
-----------------------------------------
Libraries compiled on Tue Aug  4 12:03:39 2015 on Keceli-RMBP.local 
Machine characteristics: Darwin-13.4.0-x86_64-i386-64bit
Using PETSc directory: /Volumes/s/keceli/lib/petsc
Using PETSc arch: dev_debug
-----------------------------------------

Using C compiler: /usr/local/Cellar/open-mpi/1.8.4_1/bin/mpicc  -fPIC -Wall -Wwrite-strings -Wno-strict-aliasing -Wno-unknown-pragmas -g3 -O0  ${COPTFLAGS} ${CFLAGS}
Using Fortran compiler: /usr/local/Cellar/open-mpi/1.8.4_1/bin/mpif90  -fPIC -Wall -Wno-unused-variable -ffree-line-length-0 -Wno-unused-dummy-argument -g -O0   ${FOPTFLAGS} ${FFLAGS} 
-----------------------------------------

Using include paths: -I/Volumes/s/keceli/lib/petsc/dev_debug/include -I/Volumes/s/keceli/lib/petsc/include -I/Volumes/s/keceli/lib/petsc/include -I/Volumes/s/keceli/lib/petsc/dev_debug/include -I/opt/X11/include -I/usr/local/Cellar/open-mpi/1.8.4_1/include
-----------------------------------------

Using C linker: /usr/local/Cellar/open-mpi/1.8.4_1/bin/mpicc
Using Fortran linker: /usr/local/Cellar/open-mpi/1.8.4_1/bin/mpif90
Using libraries: -Wl,-rpath,/Volumes/s/keceli/lib/petsc/dev_debug/lib -L/Volumes/s/keceli/lib/petsc/dev_debug/lib -lpetsc -Wl,-rpath,/Volumes/s/keceli/lib/petsc/dev_debug/lib -L/Volumes/s/keceli/lib/petsc/dev_debug/lib -lcmumps -ldmumps -lsmumps -lzmumps -lmumps_common -lpord -lscalapack -llapack -lblas -lptesmumps -lptscotch -lptscotcherr -lscotch -lscotcherr -Wl,-rpath,/opt/X11/lib -L/opt/X11/lib -lX11 -lssl -lcrypto -Wl,-rpath,/usr/local/opt/libevent/lib -L/usr/local/opt/libevent/lib -Wl,-rpath,/usr/local/Cellar/open-mpi/1.8.4_1/lib -L/usr/local/Cellar/open-mpi/1.8.4_1/lib -Wl,-rpath,/Applications/Xcode.app/Contents/Developer/Toolchains/XcodeDefault.xctoolchain/usr/lib/clang/6.0/lib/darwin -L/Applications/Xcode.app/Contents/Developer/Toolchains/XcodeDefault.xctoolchain/usr/lib/clang/6.0/lib/darwin -lmpi_usempif08 -lmpi_usempi_ignore_tkr -lmpi_mpifh -lgfortran -Wl,-rpath,/usr/local/Cellar/gcc/5.1.0/lib/gcc/5/gcc/x86_64-apple-darwin13.4.0/5.1.0 -L/usr/local/Cellar/gcc/5.1.0/lib/gcc/5/gcc/x86_64-apple-darwin13.4.0/5.1.0 -Wl,-rpath,/usr/local/Cellar/gcc/5.1.0/lib/gcc/5 -L/usr/local/Cellar/gcc/5.1.0/lib/gcc/5 -lgfortran -lgcc_ext.10.5 -lquadmath -lm -lclang_rt.osx -lmpi_cxx -lc++ -Wl,-rpath,/Applications/Xcode.app/Contents/Developer/Toolchains/XcodeDefault.xctoolchain/usr/bin/../lib/clang/6.0/lib/darwin -L/Applications/Xcode.app/Contents/Developer/Toolchains/XcodeDefault.xctoolchain/usr/bin/../lib/clang/6.0/lib/darwin -lclang_rt.osx -lm -lz -Wl,-rpath,/usr/local/opt/libevent/lib -L/usr/local/opt/libevent/lib -Wl,-rpath,/usr/local/Cellar/open-mpi/1.8.4_1/lib -L/usr/local/Cellar/open-mpi/1.8.4_1/lib -ldl -lmpi -lSystem -Wl,-rpath,/Applications/Xcode.app/Contents/Developer/Toolchains/XcodeDefault.xctoolchain/usr/bin/../lib/clang/6.0/lib/darwin -L/Applications/Xcode.app/Contents/Developer/Toolchains/XcodeDefault.xctoolchain/usr/bin/../lib/clang/6.0/lib/darwin -lclang_rt.osx -ldl 
-----------------------------------------

